The system is: Linux - 4.4.0-17763-Microsoft - x86_64
Compiling the C compiler identification source file "CMakeCCompilerId.c" succeeded.
Compiler: /usr/bin/cc 
Build flags: 
Id flags:  

The output was:
0


Compilation of the C compiler identification source "CMakeCCompilerId.c" produced "a.out"

The C compiler identification is GNU, found in "/mnt/d/Operating System/fulfs/bulid/CMakeFiles/3.10.2/CompilerIdC/a.out"

Compiling the CXX compiler identification source file "CMakeCXXCompilerId.cpp" succeeded.
Compiler: /usr/bin/c++ 
Build flags: 
Id flags:  

The output was:
0


Compilation of the CXX compiler identification source "CMakeCXXCompilerId.cpp" produced "a.out"

The CXX compiler identification is GNU, found in "/mnt/d/Operating System/fulfs/bulid/CMakeFiles/3.10.2/CompilerIdCXX/a.out"

Determining if the C compiler works passed with the following output:
Change Dir: /mnt/d/Operating System/fulfs/bulid/CMakeFiles/CMakeTmp

Run Build Command:"/usr/bin/make" "cmTC_c8ea8/fast"
/usr/bin/make -f CMakeFiles/cmTC_c8ea8.dir/build.make CMakeFiles/cmTC_c8ea8.dir/build
make[1]: Entering directory '/mnt/d/Operating System/fulfs/bulid/CMakeFiles/CMakeTmp'
Building C object CMakeFiles/cmTC_c8ea8.dir/testCCompiler.c.o
/usr/bin/cc    -o CMakeFiles/cmTC_c8ea8.dir/testCCompiler.c.o   -c "/mnt/d/Operating System/fulfs/bulid/CMakeFiles/CMakeTmp/testCCompiler.c"
Linking C executable cmTC_c8ea8
/usr/bin/cmake -E cmake_link_script CMakeFiles/cmTC_c8ea8.dir/link.txt --verbose=1
/usr/bin/cc      CMakeFiles/cmTC_c8ea8.dir/testCCompiler.c.o  -o cmTC_c8ea8 
make[1]: Leaving directory '/mnt/d/Operating System/fulfs/bulid/CMakeFiles/CMakeTmp'


Determining if the CXX compiler works passed with the following output:
Change Dir: /mnt/d/Operating System/fulfs/bulid/CMakeFiles/CMakeTmp

Run Build Command:"/usr/bin/make" "cmTC_ed37f/fast"
/usr/bin/make -f CMakeFiles/cmTC_ed37f.dir/build.make CMakeFiles/cmTC_ed37f.dir/build
make[1]: Entering directory '/mnt/d/Operating System/fulfs/bulid/CMakeFiles/CMakeTmp'
Building CXX object CMakeFiles/cmTC_ed37f.dir/testCXXCompiler.cxx.o
/usr/bin/c++     -o CMakeFiles/cmTC_ed37f.dir/testCXXCompiler.cxx.o -c "/mnt/d/Operating System/fulfs/bulid/CMakeFiles/CMakeTmp/testCXXCompiler.cxx"
Linking CXX executable cmTC_ed37f
/usr/bin/cmake -E cmake_link_script CMakeFiles/cmTC_ed37f.dir/link.txt --verbose=1
/usr/bin/c++       CMakeFiles/cmTC_ed37f.dir/testCXXCompiler.cxx.o  -o cmTC_ed37f 
make[1]: Leaving directory '/mnt/d/Operating System/fulfs/bulid/CMakeFiles/CMakeTmp'


